<?xml version="1.0" encoding="UTF-8"?>
<testng-results skipped="0" failed="0" ignored="0" total="1" passed="1">
  <reporter-output>
  </reporter-output>
  <suite name="Suite" duration-ms="6320" started-at="2019-11-12T10:12:23Z" finished-at="2019-11-12T10:12:30Z">
    <groups>
    </groups>
    <test name="Test" duration-ms="6320" started-at="2019-11-12T10:12:23Z" finished-at="2019-11-12T10:12:30Z">
      <class name="getRequest.GetCall">
        <test-method status="PASS" signature="get()[pri:0, instance:getRequest.GetCall@13969fbe]" name="get" duration-ms="6296" started-at="2019-11-12T15:42:23Z" finished-at="2019-11-12T15:42:30Z">
          <reporter-output>
          </reporter-output>
        </test-method> <!-- get -->
      </class> <!-- getRequest.GetCall -->
    </test> <!-- Test -->
  </suite> <!-- Suite -->
</testng-results>
